#
# There is insufficient memory for the Java Runtime Environment to continue.
# Native memory allocation (malloc) failed to allocate 32744 bytes for ChunkPool::allocate
# Possible reasons:
#   The system is out of physical RAM or swap space
#   The process is running with CompressedOops enabled, and the Java Heap may be blocking the growth of the native heap
# Possible solutions:
#   Reduce memory load on the system
#   Increase physical memory or swap space
#   Check if swap backing store is full
#   Decrease Java heap size (-Xmx/-Xms)
#   Decrease number of Java threads
#   Decrease Java thread stack sizes (-Xss)
#   Set larger code cache with -XX:ReservedCodeCacheSize=
#   JVM is running with Unscaled Compressed Oops mode in which the Java heap is
#     placed in the first 4GB address space. The Java Heap base address is the
#     maximum limit for the native heap growth. Please use -XX:HeapBaseMinAddress
#     to set the Java Heap base and to place the Java Heap above 4GB virtual address.
# This output file may be truncated or incomplete.
#
#  Out of Memory Error (./open/src/hotspot/share/memory/arena.cpp:79), pid=53096, tid=14316
#
# JRE version: Java(TM) SE Runtime Environment (14.0.1+7) (build 14.0.1+7)
# Java VM: Java HotSpot(TM) 64-Bit Server VM (14.0.1+7, mixed mode, sharing, tiered, compressed oops, g1 gc, windows-amd64)
# No core dump will be written. Minidumps are not enabled by default on client versions of Windows
#

---------------  S U M M A R Y ------------

Command Line: -Dfile.encoding=UTF-8 GUI_MenuPrincipal

Host: Intel(R) Core(TM)2 Duo CPU     E7500  @ 2.93GHz, 2 cores, 3G,  Windows 10 , 64 bit Build 18362 (10.0.18362.959)
Time: Wed Sep  9 16:23:03 2020 Hora est. Pacífico, Sudamérica elapsed time: 5086 seconds (0d 1h 24m 46s)

---------------  T H R E A D  ---------------

Current thread (0x0000018ed38fe800):  JavaThread "C2 CompilerThread0" daemon [_thread_in_native, id=14316, stack(0x00000042aca00000,0x00000042acb00000)]


Current CompileTask:
C2:5086102 3256 % !   4       sun.java2d.d3d.D3DScreenUpdateManager::run @ 105 (267 bytes)

Stack: [0x00000042aca00000,0x00000042acb00000]
Native frames: (J=compiled Java code, j=interpreted, Vv=VM code, C=native code)
V  [jvm.dll+0x5f840a]
V  [jvm.dll+0x741e4a]
V  [jvm.dll+0x7435ff]
V  [jvm.dll+0x743c43]
V  [jvm.dll+0x20d288]
V  [jvm.dll+0xabea6]
V  [jvm.dll+0xac1fc]
V  [jvm.dll+0x59cb23]
V  [jvm.dll+0x2f8d59]
V  [jvm.dll+0x60540b]
V  [jvm.dll+0x604a8f]
V  [jvm.dll+0x17a3dc]
V  [jvm.dll+0x275e76]
V  [jvm.dll+0x60fc18]
V  [jvm.dll+0x60789f]
V  [jvm.dll+0x606f0c]
V  [jvm.dll+0x604ded]
V  [jvm.dll+0x17a3dc]
V  [jvm.dll+0x275e76]
V  [jvm.dll+0x60fc18]
V  [jvm.dll+0x60789f]
V  [jvm.dll+0x606f0c]
V  [jvm.dll+0x604ded]
V  [jvm.dll+0x17a3dc]
V  [jvm.dll+0x275e76]
V  [jvm.dll+0x60fc18]
V  [jvm.dll+0x60789f]
V  [jvm.dll+0x606f0c]
V  [jvm.dll+0x604ded]
V  [jvm.dll+0x17a3dc]
V  [jvm.dll+0x1e4d55]
V  [jvm.dll+0x1779cc]
V  [jvm.dll+0x1f4105]
V  [jvm.dll+0x1f22eb]
V  [jvm.dll+0x706a9d]
V  [jvm.dll+0x6ff8ba]
V  [jvm.dll+0x5f72c6]
C  [ucrtbase.dll+0x20e82]
C  [KERNEL32.DLL+0x17bd4]
C  [ntdll.dll+0x6ce51]


---------------  P R O C E S S  ---------------

Threads class SMR info:
_java_thread_list=0x0000018ed54de840, length=17, elements={
0x0000018eb7bbd000, 0x0000018eb7bbe000, 0x0000018ed38f5800, 0x0000018ed38fa000,
0x0000018ed38fb000, 0x0000018ed38fe800, 0x0000018ed396e000, 0x0000018ed3970000,
0x0000018ed399e000, 0x0000018ed4315800, 0x0000018ed45a5800, 0x0000018ed45a6800,
0x0000018ed45a9000, 0x0000018ed467f800, 0x0000018eb7aea000, 0x0000018ed9e74800,
0x0000018ed5887800
}

Java Threads: ( => current thread )
  0x0000018eb7bbd000 JavaThread "Reference Handler" daemon [_thread_blocked, id=53116, stack(0x00000042ac500000,0x00000042ac600000)]
  0x0000018eb7bbe000 JavaThread "Finalizer" daemon [_thread_blocked, id=53088, stack(0x00000042ac600000,0x00000042ac700000)]
  0x0000018ed38f5800 JavaThread "Signal Dispatcher" daemon [_thread_blocked, id=51132, stack(0x00000042ac700000,0x00000042ac800000)]
  0x0000018ed38fa000 JavaThread "Attach Listener" daemon [_thread_blocked, id=47708, stack(0x00000042ac800000,0x00000042ac900000)]
  0x0000018ed38fb000 JavaThread "Service Thread" daemon [_thread_blocked, id=41228, stack(0x00000042ac900000,0x00000042aca00000)]
=>0x0000018ed38fe800 JavaThread "C2 CompilerThread0" daemon [_thread_in_native, id=14316, stack(0x00000042aca00000,0x00000042acb00000)]
  0x0000018ed396e000 JavaThread "C1 CompilerThread0" daemon [_thread_blocked, id=44068, stack(0x00000042acb00000,0x00000042acc00000)]
  0x0000018ed3970000 JavaThread "Sweeper thread" daemon [_thread_blocked, id=48356, stack(0x00000042acc00000,0x00000042acd00000)]
  0x0000018ed399e000 JavaThread "Notification Thread" daemon [_thread_blocked, id=45896, stack(0x00000042acd00000,0x00000042ace00000)]
  0x0000018ed4315800 JavaThread "Common-Cleaner" daemon [_thread_blocked, id=53220, stack(0x00000042acf00000,0x00000042ad000000)]
  0x0000018ed45a5800 JavaThread "Java2D Disposer" daemon [_thread_blocked, id=51464, stack(0x00000042ad000000,0x00000042ad100000)]
  0x0000018ed45a6800 JavaThread "AWT-Shutdown" [_thread_blocked, id=47424, stack(0x00000042ad100000,0x00000042ad200000)]
  0x0000018ed45a9000 JavaThread "AWT-Windows" daemon [_thread_in_native, id=48304, stack(0x00000042ad200000,0x00000042ad300000)]
  0x0000018ed467f800 JavaThread "AWT-EventQueue-0" [_thread_blocked, id=49580, stack(0x00000042ad300000,0x00000042ad400000)]
  0x0000018eb7aea000 JavaThread "DestroyJavaVM" [_thread_blocked, id=45780, stack(0x00000042abe00000,0x00000042abf00000)]
  0x0000018ed9e74800 JavaThread "D3D Screen Updater" daemon [_thread_blocked, id=43480, stack(0x00000042ade00000,0x00000042adf00000)]
  0x0000018ed5887800 JavaThread "TimerQueue" daemon [_thread_blocked, id=27904, stack(0x00000042ada00000,0x00000042adb00000)]

Other Threads:
  0x0000018eb7bba800 VMThread "VM Thread" [stack: 0x00000042ac400000,0x00000042ac500000] [id=49360]
  0x0000018ed42da000 WatcherThread [stack: 0x00000042ace00000,0x00000042acf00000] [id=51340]
  0x0000018eb7b18800 GCTaskThread "GC Thread#0" [stack: 0x00000042abf00000,0x00000042ac000000] [id=50840]
  0x0000018ed554b800 GCTaskThread "GC Thread#1" [stack: 0x00000042adb00000,0x00000042adc00000] [id=47948]
  0x0000018eb7b22000 ConcurrentGCThread "G1 Main Marker" [stack: 0x00000042ac000000,0x00000042ac100000] [id=29408]
  0x0000018eb7b24800 ConcurrentGCThread "G1 Conc#0" [stack: 0x00000042ac100000,0x00000042ac200000] [id=52816]
  0x0000018eb7b70000 ConcurrentGCThread "G1 Refine#0" [stack: 0x00000042ac200000,0x00000042ac300000] [id=33364]
  0x0000018ed4562800 ConcurrentGCThread "G1 Refine#1" [stack: 0x00000042adc00000,0x00000042add00000] [id=52336]
  0x0000018eb7b72000 ConcurrentGCThread "G1 Young RemSet Sampling" [stack: 0x00000042ac300000,0x00000042ac400000] [id=52964]

Threads with active compile tasks:
C2 CompilerThread0  5086222 3256 % !   4       sun.java2d.d3d.D3DScreenUpdateManager::run @ 105 (267 bytes)

VM state:not at safepoint (normal execution)

VM Mutex/Monitor currently owned by a thread: None

Heap address: 0x00000000c0000000, size: 1024 MB, Compressed Oops mode: 32-bit
Narrow klass base: 0x0000000800000000, Narrow klass shift: 3
Compressed class space size: 1073741824 Address: 0x0000000800b30000

Heap:
 garbage-first heap   total 65536K, used 52331K [0x00000000c0000000, 0x0000000100000000)
  region size 1024K, 18 young (18432K), 2 survivors (2048K)
 Metaspace       used 13576K, capacity 13826K, committed 14208K, reserved 1062912K
  class space    used 1471K, capacity 1579K, committed 1664K, reserved 1048576K
Heap Regions: E=young(eden), S=young(survivor), O=old, HS=humongous(starts), HC=humongous(continues), CS=collection set, F=free, OA=open archive, CA=closed archive, TAMS=top-at-mark-start (previous, next)
|   0|0x00000000c0000000, 0x00000000c0100000, 0x00000000c0100000|100%| O|  |TAMS 0x00000000c0100000, 0x00000000c0000000| Untracked 
|   1|0x00000000c0100000, 0x00000000c0200000, 0x00000000c0200000|100%| O|  |TAMS 0x00000000c0200000, 0x00000000c0100000| Untracked 
|   2|0x00000000c0200000, 0x00000000c0300000, 0x00000000c0300000|100%|HS|  |TAMS 0x00000000c0300000, 0x00000000c0200000| Complete 
|   3|0x00000000c0300000, 0x00000000c0400000, 0x00000000c0400000|100%|HC|  |TAMS 0x00000000c0400000, 0x00000000c0300000| Complete 
|   4|0x00000000c0400000, 0x00000000c0500000, 0x00000000c0500000|100%|HS|  |TAMS 0x00000000c0500000, 0x00000000c0400000| Complete 
|   5|0x00000000c0500000, 0x00000000c0600000, 0x00000000c0600000|100%|HC|  |TAMS 0x00000000c0600000, 0x00000000c0500000| Complete 
|   6|0x00000000c0600000, 0x00000000c0700000, 0x00000000c0700000|100%|HS|  |TAMS 0x00000000c0700000, 0x00000000c0600000| Complete 
|   7|0x00000000c0700000, 0x00000000c0800000, 0x00000000c0800000|100%|HC|  |TAMS 0x00000000c0800000, 0x00000000c0700000| Complete 
|   8|0x00000000c0800000, 0x00000000c0900000, 0x00000000c0900000|100%|HS|  |TAMS 0x00000000c0900000, 0x00000000c0800000| Complete 
|   9|0x00000000c0900000, 0x00000000c0a00000, 0x00000000c0a00000|100%|HC|  |TAMS 0x00000000c0a00000, 0x00000000c0900000| Complete 
|  10|0x00000000c0a00000, 0x00000000c0b00000, 0x00000000c0b00000|100%| O|  |TAMS 0x00000000c0b00000, 0x00000000c0a00000| Untracked 
|  11|0x00000000c0b00000, 0x00000000c0c00000, 0x00000000c0c00000|100%|HS|  |TAMS 0x00000000c0c00000, 0x00000000c0b00000| Complete 
|  12|0x00000000c0c00000, 0x00000000c0d00000, 0x00000000c0d00000|100%|HC|  |TAMS 0x00000000c0d00000, 0x00000000c0c00000| Complete 
|  13|0x00000000c0d00000, 0x00000000c0e00000, 0x00000000c0e00000|100%|HC|  |TAMS 0x00000000c0e00000, 0x00000000c0d00000| Complete 
|  14|0x00000000c0e00000, 0x00000000c0f00000, 0x00000000c0f00000|100%|HC|  |TAMS 0x00000000c0f00000, 0x00000000c0e00000| Complete 
|  15|0x00000000c0f00000, 0x00000000c1000000, 0x00000000c1000000|100%|HC|  |TAMS 0x00000000c1000000, 0x00000000c0f00000| Complete 
|  16|0x00000000c1000000, 0x00000000c1100000, 0x00000000c1100000|100%|HC|  |TAMS 0x00000000c1100000, 0x00000000c1000000| Complete 
|  17|0x00000000c1100000, 0x00000000c11b8800, 0x00000000c1200000| 72%| O|  |TAMS 0x00000000c1100000, 0x00000000c1100000| Untracked 
|  18|0x00000000c1200000, 0x00000000c1300000, 0x00000000c1300000|100%|HS|  |TAMS 0x00000000c1200000, 0x00000000c1200000| Complete 
|  19|0x00000000c1300000, 0x00000000c1400000, 0x00000000c1400000|100%|HC|  |TAMS 0x00000000c1300000, 0x00000000c1300000| Complete 
|  20|0x00000000c1400000, 0x00000000c1500000, 0x00000000c1500000|100%|HC|  |TAMS 0x00000000c1400000, 0x00000000c1400000| Complete 
|  21|0x00000000c1500000, 0x00000000c1600000, 0x00000000c1600000|100%|HC|  |TAMS 0x00000000c1500000, 0x00000000c1500000| Complete 
|  22|0x00000000c1600000, 0x00000000c1700000, 0x00000000c1700000|100%|HC|  |TAMS 0x00000000c1600000, 0x00000000c1600000| Complete 
|  23|0x00000000c1700000, 0x00000000c1800000, 0x00000000c1800000|100%|HC|  |TAMS 0x00000000c1700000, 0x00000000c1700000| Complete 
|  24|0x00000000c1800000, 0x00000000c1800000, 0x00000000c1900000|  0%| F|  |TAMS 0x00000000c1800000, 0x00000000c1800000| Untracked 
|  25|0x00000000c1900000, 0x00000000c1900000, 0x00000000c1a00000|  0%| F|  |TAMS 0x00000000c1900000, 0x00000000c1900000| Untracked 
|  26|0x00000000c1a00000, 0x00000000c1a00000, 0x00000000c1b00000|  0%| F|  |TAMS 0x00000000c1a00000, 0x00000000c1a00000| Untracked 
|  27|0x00000000c1b00000, 0x00000000c1b00000, 0x00000000c1c00000|  0%| F|  |TAMS 0x00000000c1b00000, 0x00000000c1b00000| Untracked 
|  28|0x00000000c1c00000, 0x00000000c1c00000, 0x00000000c1d00000|  0%| F|  |TAMS 0x00000000c1c00000, 0x00000000c1c00000| Untracked 
|  29|0x00000000c1d00000, 0x00000000c1e00000, 0x00000000c1e00000|100%|HS|  |TAMS 0x00000000c1e00000, 0x00000000c1d00000| Complete 
|  30|0x00000000c1e00000, 0x00000000c1f00000, 0x00000000c1f00000|100%|HC|  |TAMS 0x00000000c1f00000, 0x00000000c1e00000| Complete 
|  31|0x00000000c1f00000, 0x00000000c2000000, 0x00000000c2000000|100%|HC|  |TAMS 0x00000000c2000000, 0x00000000c1f00000| Complete 
|  32|0x00000000c2000000, 0x00000000c2100000, 0x00000000c2100000|100%| O|  |TAMS 0x00000000c2100000, 0x00000000c2000000| Untracked 
|  33|0x00000000c2100000, 0x00000000c2200000, 0x00000000c2200000|100%| O|  |TAMS 0x00000000c2200000, 0x00000000c2100000| Untracked 
|  34|0x00000000c2200000, 0x00000000c2300000, 0x00000000c2300000|100%| O|  |TAMS 0x00000000c22e3400, 0x00000000c2200000| Untracked 
|  35|0x00000000c2300000, 0x00000000c2400000, 0x00000000c2400000|100%|HS|  |TAMS 0x00000000c2400000, 0x00000000c2300000| Complete 
|  36|0x00000000c2400000, 0x00000000c2500000, 0x00000000c2500000|100%|HC|  |TAMS 0x00000000c2500000, 0x00000000c2400000| Complete 
|  37|0x00000000c2500000, 0x00000000c2600000, 0x00000000c2600000|100%|HC|  |TAMS 0x00000000c2600000, 0x00000000c2500000| Complete 
|  38|0x00000000c2600000, 0x00000000c2700000, 0x00000000c2700000|100%|HS|  |TAMS 0x00000000c2700000, 0x00000000c2600000| Complete 
|  39|0x00000000c2700000, 0x00000000c2800000, 0x00000000c2800000|100%|HC|  |TAMS 0x00000000c2800000, 0x00000000c2700000| Complete 
|  40|0x00000000c2800000, 0x00000000c2900000, 0x00000000c2900000|100%|HC|  |TAMS 0x00000000c2900000, 0x00000000c2800000| Complete 
|  41|0x00000000c2900000, 0x00000000c2900000, 0x00000000c2a00000|  0%| F|  |TAMS 0x00000000c2900000, 0x00000000c2900000| Untracked 
|  42|0x00000000c2a00000, 0x00000000c2a00000, 0x00000000c2b00000|  0%| F|  |TAMS 0x00000000c2a00000, 0x00000000c2a00000| Untracked 
|  43|0x00000000c2b00000, 0x00000000c2b00000, 0x00000000c2c00000|  0%| F|  |TAMS 0x00000000c2b00000, 0x00000000c2b00000| Untracked 
|  44|0x00000000c2c00000, 0x00000000c2c00000, 0x00000000c2d00000|  0%| F|  |TAMS 0x00000000c2c00000, 0x00000000c2c00000| Untracked 
|  45|0x00000000c2d00000, 0x00000000c2d00000, 0x00000000c2e00000|  0%| F|  |TAMS 0x00000000c2d00000, 0x00000000c2d00000| Untracked 
|  46|0x00000000c2e00000, 0x00000000c2e2f110, 0x00000000c2f00000| 18%| E|  |TAMS 0x00000000c2e00000, 0x00000000c2e00000| Complete 
|  47|0x00000000c2f00000, 0x00000000c3000000, 0x00000000c3000000|100%| E|CS|TAMS 0x00000000c2f00000, 0x00000000c2f00000| Complete 
|  48|0x00000000c3000000, 0x00000000c3100000, 0x00000000c3100000|100%| E|CS|TAMS 0x00000000c3000000, 0x00000000c3000000| Complete 
|  49|0x00000000c3100000, 0x00000000c3200000, 0x00000000c3200000|100%| E|CS|TAMS 0x00000000c3100000, 0x00000000c3100000| Complete 
|  50|0x00000000c3200000, 0x00000000c3300000, 0x00000000c3300000|100%| E|CS|TAMS 0x00000000c3200000, 0x00000000c3200000| Complete 
|  51|0x00000000c3300000, 0x00000000c3400000, 0x00000000c3400000|100%| E|CS|TAMS 0x00000000c3300000, 0x00000000c3300000| Complete 
|  52|0x00000000c3400000, 0x00000000c3500000, 0x00000000c3500000|100%| E|CS|TAMS 0x00000000c3400000, 0x00000000c3400000| Complete 
|  53|0x00000000c3500000, 0x00000000c3600000, 0x00000000c3600000|100%| E|CS|TAMS 0x00000000c3500000, 0x00000000c3500000| Complete 
|  54|0x00000000c3600000, 0x00000000c3700000, 0x00000000c3700000|100%| E|CS|TAMS 0x00000000c3600000, 0x00000000c3600000| Complete 
|  55|0x00000000c3700000, 0x00000000c3800000, 0x00000000c3800000|100%| E|CS|TAMS 0x00000000c3700000, 0x00000000c3700000| Complete 
|  56|0x00000000c3800000, 0x00000000c3900000, 0x00000000c3900000|100%| E|CS|TAMS 0x00000000c3800000, 0x00000000c3800000| Complete 
|  57|0x00000000c3900000, 0x00000000c3a00000, 0x00000000c3a00000|100%| E|  |TAMS 0x00000000c3900000, 0x00000000c3900000| Complete 
|  58|0x00000000c3a00000, 0x00000000c3b00000, 0x00000000c3b00000|100%| E|CS|TAMS 0x00000000c3a00000, 0x00000000c3a00000| Complete 
|  59|0x00000000c3b00000, 0x00000000c3c00000, 0x00000000c3c00000|100%| E|CS|TAMS 0x00000000c3b00000, 0x00000000c3b00000| Complete 
|  60|0x00000000c3c00000, 0x00000000c3d00000, 0x00000000c3d00000|100%| E|CS|TAMS 0x00000000c3c00000, 0x00000000c3c00000| Complete 
|  61|0x00000000c3d00000, 0x00000000c3d62760, 0x00000000c3e00000| 38%| S|CS|TAMS 0x00000000c3d00000, 0x00000000c3d00000| Complete 
|  62|0x00000000c3e00000, 0x00000000c3f00000, 0x00000000c3f00000|100%| S|CS|TAMS 0x00000000c3e00000, 0x00000000c3e00000| Complete 
|  63|0x00000000c3f00000, 0x00000000c4000000, 0x00000000c4000000|100%| E|CS|TAMS 0x00000000c3f00000, 0x00000000c3f00000| Complete 

Card table byte_map: [0x0000018ecf290000,0x0000018ecf490000] _byte_map_base: 0x0000018ecec90000

Marking Bits (Prev, Next): (CMBitMap*) 0x0000018eb7b194d8, (CMBitMap*) 0x0000018eb7b19518
 Prev Bits: [0x0000018ecf690000, 0x0000018ed0690000)
 Next Bits: [0x0000018ed0690000, 0x0000018ed1690000)

Polling page: 0x0000018eb72c0000

Metaspace:

Usage:
  Non-class:     11.96 MB capacity,    11.82 MB ( 99%) used,   118.62 KB ( <1%) free+waste,    23.31 KB ( <1%) overhead. 
      Class:      1.54 MB capacity,     1.44 MB ( 93%) used,    95.18 KB (  6%) free+waste,    12.63 KB ( <1%) overhead. 
       Both:     13.50 MB capacity,    13.26 MB ( 98%) used,   213.80 KB (  2%) free+waste,    35.94 KB ( <1%) overhead. 

Virtual space:
  Non-class space:       14.00 MB reserved,      12.25 MB ( 88%) committed 
      Class space:        1.00 GB reserved,       1.63 MB ( <1%) committed 
             Both:        1.01 GB reserved,      13.88 MB (  1%) committed 

Chunk freelists:
   Non-Class:  105.00 KB
       Class:  53.00 KB
        Both:  158.00 KB

MaxMetaspaceSize: 17179869184.00 GB
CompressedClassSpaceSize: 1.00 GB

CodeHeap 'non-profiled nmethods': size=120064Kb used=1856Kb max_used=1856Kb free=118207Kb
 bounds [0x0000018ec7d50000, 0x0000018ec7fc0000, 0x0000018ecf290000]
CodeHeap 'profiled nmethods': size=120000Kb used=6296Kb max_used=6376Kb free=113703Kb
 bounds [0x0000018ec0820000, 0x0000018ec0e70000, 0x0000018ec7d50000]
CodeHeap 'non-nmethods': size=5696Kb used=1353Kb max_used=1413Kb free=4342Kb
 bounds [0x0000018ec0290000, 0x0000018ec0500000, 0x0000018ec0820000]
 total_blobs=5092 nmethods=2932 adapters=573
 compilation: enabled
              stopped_count=0, restarted_count=0
 full_count=0

Compilation events (20 events):
Event: 5047.289 Thread 0x0000018ed396e000 nmethod 3246 0x0000018ec09fb590 code [0x0000018ec09fb840, 0x0000018ec09fc838]
Event: 5047.289 Thread 0x0000018ed396e000 3247       3       java.util.zip.ZipFile::ensureOpen (40 bytes)
Event: 5047.290 Thread 0x0000018ed396e000 nmethod 3247 0x0000018ec0a25590 code [0x0000018ec0a25760, 0x0000018ec0a25ab8]
Event: 5047.307 Thread 0x0000018ed396e000 3248       3       sun.awt.im.ExecutableInputMethodManager::setInputContext (17 bytes)
Event: 5047.307 Thread 0x0000018ed396e000 nmethod 3248 0x0000018ec0849210 code [0x0000018ec08493a0, 0x0000018ec0849578]
Event: 5047.310 Thread 0x0000018ed396e000 3249       3       sun.awt.windows.WComponentPeer::postPaintIfNecessary (50 bytes)
Event: 5047.311 Thread 0x0000018ed396e000 nmethod 3249 0x0000018ec0b2d590 code [0x0000018ec0b2d840, 0x0000018ec0b2ead8]
Event: 5047.311 Thread 0x0000018ed396e000 3250       3       java.awt.Component$1::getIgnoreRepaint (5 bytes)
Event: 5047.311 Thread 0x0000018ed396e000 nmethod 3250 0x0000018ec0a59390 code [0x0000018ec0a59520, 0x0000018ec0a59658]
Event: 5047.311 Thread 0x0000018ed396e000 3251       3       javax.swing.SwingPaintEventDispatcher::createPaintEvent (160 bytes)
Event: 5047.313 Thread 0x0000018ed396e000 nmethod 3251 0x0000018ec0ac7810 code [0x0000018ec0ac7be0, 0x0000018ec0ac9e38]
Event: 5047.340 Thread 0x0000018ed396e000 3252       3       sun.awt.windows.WComponentPeer::coalescePaintEvent (125 bytes)
Event: 5047.341 Thread 0x0000018ed396e000 nmethod 3252 0x0000018ec0ac3590 code [0x0000018ec0ac37e0, 0x0000018ec0ac4298]
Event: 5047.341 Thread 0x0000018ed396e000 3253       3       java.awt.Rectangle::contains (21 bytes)
Event: 5047.341 Thread 0x0000018ed396e000 nmethod 3253 0x0000018ec0ce7910 code [0x0000018ec0ce7ac0, 0x0000018ec0ce7cc8]
Event: 5050.968 Thread 0x0000018ed38fe800 3254       4       java.awt.Component$1::getPeer (5 bytes)
Event: 5050.969 Thread 0x0000018ed38fe800 nmethod 3254 0x0000018ec7e1ea10 code [0x0000018ec7e1eba0, 0x0000018ec7e1ec38]
Event: 5051.526 Thread 0x0000018ed38fe800 3255       4       sun.java2d.ReentrantContextProviderTL::acquire (71 bytes)
Event: 5051.534 Thread 0x0000018ed38fe800 nmethod 3255 0x0000018ec7f1f610 code [0x0000018ec7f1f8a0, 0x0000018ec7f1fe40]
Event: 5085.952 Thread 0x0000018ed38fe800 3256 % !   4       sun.java2d.d3d.D3DScreenUpdateManager::run @ 105 (267 bytes)

GC Heap History (16 events):
Event: 1.301 GC heap before
{Heap before GC invocations=0 (full 0):
 garbage-first heap   total 65536K, used 6144K [0x00000000c0000000, 0x0000000100000000)
  region size 1024K, 6 young (6144K), 0 survivors (0K)
 Metaspace       used 8808K, capacity 9084K, committed 9216K, reserved 1056768K
  class space    used 1084K, capacity 1196K, committed 1280K, reserved 1048576K
}
Event: 1.326 GC heap after
{Heap after GC invocations=1 (full 0):
 garbage-first heap   total 65536K, used 2702K [0x00000000c0000000, 0x0000000100000000)
  region size 1024K, 1 young (1024K), 1 survivors (1024K)
 Metaspace       used 8808K, capacity 9084K, committed 9216K, reserved 1056768K
  class space    used 1084K, capacity 1196K, committed 1280K, reserved 1048576K
}
Event: 2.010 GC heap before
{Heap before GC invocations=1 (full 0):
 garbage-first heap   total 65536K, used 14990K [0x00000000c0000000, 0x0000000100000000)
  region size 1024K, 5 young (5120K), 1 survivors (1024K)
 Metaspace       used 9164K, capacity 9473K, committed 9728K, reserved 1058816K
  class space    used 1112K, capacity 1242K, committed 1280K, reserved 1048576K
}
Event: 2.016 GC heap after
{Heap after GC invocations=2 (full 0):
 garbage-first heap   total 65536K, used 11303K [0x00000000c0000000, 0x0000000100000000)
  region size 1024K, 1 young (1024K), 1 survivors (1024K)
 Metaspace       used 9164K, capacity 9473K, committed 9728K, reserved 1058816K
  class space    used 1112K, capacity 1242K, committed 1280K, reserved 1048576K
}
Event: 2.811 GC heap before
{Heap before GC invocations=2 (full 0):
 garbage-first heap   total 65536K, used 25639K [0x00000000c0000000, 0x0000000100000000)
  region size 1024K, 10 young (10240K), 1 survivors (1024K)
 Metaspace       used 10233K, capacity 10496K, committed 10624K, reserved 1058816K
  class space    used 1236K, capacity 1350K, committed 1408K, reserved 1048576K
}
Event: 2.813 GC heap after
{Heap after GC invocations=3 (full 0):
 garbage-first heap   total 65536K, used 17783K [0x00000000c0000000, 0x0000000100000000)
  region size 1024K, 1 young (1024K), 1 survivors (1024K)
 Metaspace       used 10233K, capacity 10496K, committed 10624K, reserved 1058816K
  class space    used 1236K, capacity 1350K, committed 1408K, reserved 1048576K
}
Event: 419.604 GC heap before
{Heap before GC invocations=3 (full 0):
 garbage-first heap   total 65536K, used 50551K [0x00000000c0000000, 0x0000000100000000)
  region size 1024K, 23 young (23552K), 1 survivors (1024K)
 Metaspace       used 12739K, capacity 12970K, committed 13184K, reserved 1060864K
  class space    used 1462K, capacity 1577K, committed 1664K, reserved 1048576K
}
Event: 419.612 GC heap after
{Heap after GC invocations=4 (full 0):
 garbage-first heap   total 65536K, used 33107K [0x00000000c0000000, 0x0000000100000000)
  region size 1024K, 4 young (4096K), 4 survivors (4096K)
 Metaspace       used 12739K, capacity 12970K, committed 13184K, reserved 1060864K
  class space    used 1462K, capacity 1577K, committed 1664K, reserved 1048576K
}
Event: 427.216 GC heap before
{Heap before GC invocations=5 (full 0):
 garbage-first heap   total 65536K, used 42323K [0x00000000c0000000, 0x0000000100000000)
  region size 1024K, 12 young (12288K), 4 survivors (4096K)
 Metaspace       used 12991K, capacity 13259K, committed 13440K, reserved 1060864K
  class space    used 1471K, capacity 1609K, committed 1664K, reserved 1048576K
}
Event: 427.224 GC heap after
{Heap after GC invocations=6 (full 0):
 garbage-first heap   total 65536K, used 36430K [0x00000000c0000000, 0x0000000100000000)
  region size 1024K, 1 young (1024K), 1 survivors (1024K)
 Metaspace       used 12991K, capacity 13259K, committed 13440K, reserved 1060864K
  class space    used 1471K, capacity 1609K, committed 1664K, reserved 1048576K
}
Event: 2009.361 GC heap before
{Heap before GC invocations=7 (full 0):
 garbage-first heap   total 65536K, used 46670K [0x00000000c0000000, 0x0000000100000000)
  region size 1024K, 10 young (10240K), 1 survivors (1024K)
 Metaspace       used 13281K, capacity 13580K, committed 13696K, reserved 1060864K
  class space    used 1479K, capacity 1609K, committed 1664K, reserved 1048576K
}
Event: 2009.366 GC heap after
{Heap after GC invocations=8 (full 0):
 garbage-first heap   total 65536K, used 39780K [0x00000000c0000000, 0x0000000100000000)
  region size 1024K, 1 young (1024K), 1 survivors (1024K)
 Metaspace       used 13281K, capacity 13580K, committed 13696K, reserved 1060864K
  class space    used 1479K, capacity 1609K, committed 1664K, reserved 1048576K
}
Event: 2778.305 GC heap before
{Heap before GC invocations=9 (full 0):
 garbage-first heap   total 65536K, used 42852K [0x00000000c0000000, 0x0000000100000000)
  region size 1024K, 14 young (14336K), 1 survivors (1024K)
 Metaspace       used 13449K, capacity 13697K, committed 13952K, reserved 1060864K
  class space    used 1464K, capacity 1579K, committed 1664K, reserved 1048576K
}
Event: 2778.312 GC heap after
{Heap after GC invocations=10 (full 0):
 garbage-first heap   total 65536K, used 31629K [0x00000000c0000000, 0x0000000100000000)
  region size 1024K, 2 young (2048K), 2 survivors (2048K)
 Metaspace       used 13449K, capacity 13697K, committed 13952K, reserved 1060864K
  class space    used 1464K, capacity 1579K, committed 1664K, reserved 1048576K
}
Event: 2778.315 GC heap before
{Heap before GC invocations=10 (full 0):
 garbage-first heap   total 65536K, used 31629K [0x00000000c0000000, 0x0000000100000000)
  region size 1024K, 3 young (3072K), 2 survivors (2048K)
 Metaspace       used 13450K, capacity 13697K, committed 13952K, reserved 1060864K
  class space    used 1464K, capacity 1579K, committed 1664K, reserved 1048576K
}
Event: 2778.319 GC heap after
{Heap after GC invocations=11 (full 0):
 garbage-first heap   total 65536K, used 31851K [0x00000000c0000000, 0x0000000100000000)
  region size 1024K, 2 young (2048K), 2 survivors (2048K)
 Metaspace       used 13450K, capacity 13697K, committed 13952K, reserved 1060864K
  class space    used 1464K, capacity 1579K, committed 1664K, reserved 1048576K
}

Deoptimization events (20 events):
Event: 2778.404 Thread 0x0000018ed467f800 Uncommon trap: trap_request=0xffffff54 fr.pc=0x0000018ec7d89904 relative=0x00000000000021e4
Event: 2778.404 Thread 0x0000018ed467f800 Uncommon trap: reason=speculate_null_assert action=make_not_entrant pc=0x0000018ec7d89904 method=sun.util.locale.LocaleObjectCache.cleanStaleEntries()V @ 12 c2
Event: 2778.404 Thread 0x0000018ed467f800 DEOPT PACKING pc=0x0000018ec7d89904 sp=0x00000042ad3fcac0
Event: 2778.404 Thread 0x0000018ed467f800 DEOPT UNPACKING pc=0x0000018ec02d9429 sp=0x00000042ad3fc9a0 mode 2
Event: 5047.292 Thread 0x0000018ed467f800 Uncommon trap: trap_request=0xffffffde fr.pc=0x0000018ec7f1f380 relative=0x0000000000000120
Event: 5047.292 Thread 0x0000018ed467f800 Uncommon trap: reason=class_check action=maybe_recompile pc=0x0000018ec7f1f380 method=jdk.internal.misc.Unsafe.allocateUninitializedArray(Ljava/lang/Class;I)Ljava/lang/Object; @ 51 c2
Event: 5047.292 Thread 0x0000018ed467f800 DEOPT PACKING pc=0x0000018ec7f1f380 sp=0x00000042ad3fdb40
Event: 5047.293 Thread 0x0000018ed467f800 DEOPT UNPACKING pc=0x0000018ec02d9429 sp=0x00000042ad3fdac8 mode 2
Event: 5047.293 Thread 0x0000018ed467f800 Uncommon trap: trap_request=0xffffffde fr.pc=0x0000018ec7f1f380 relative=0x0000000000000120
Event: 5047.293 Thread 0x0000018ed467f800 Uncommon trap: reason=class_check action=maybe_recompile pc=0x0000018ec7f1f380 method=jdk.internal.misc.Unsafe.allocateUninitializedArray(Ljava/lang/Class;I)Ljava/lang/Object; @ 51 c2
Event: 5047.293 Thread 0x0000018ed467f800 DEOPT PACKING pc=0x0000018ec7f1f380 sp=0x00000042ad3fdb40
Event: 5047.293 Thread 0x0000018ed467f800 DEOPT UNPACKING pc=0x0000018ec02d9429 sp=0x00000042ad3fdac8 mode 2
Event: 5047.293 Thread 0x0000018ed467f800 Uncommon trap: trap_request=0xffffffde fr.pc=0x0000018ec7f1f380 relative=0x0000000000000120
Event: 5047.293 Thread 0x0000018ed467f800 Uncommon trap: reason=class_check action=maybe_recompile pc=0x0000018ec7f1f380 method=jdk.internal.misc.Unsafe.allocateUninitializedArray(Ljava/lang/Class;I)Ljava/lang/Object; @ 51 c2
Event: 5047.293 Thread 0x0000018ed467f800 DEOPT PACKING pc=0x0000018ec7f1f380 sp=0x00000042ad3fdb40
Event: 5047.293 Thread 0x0000018ed467f800 DEOPT UNPACKING pc=0x0000018ec02d9429 sp=0x00000042ad3fdac8 mode 2
Event: 5047.293 Thread 0x0000018ed467f800 Uncommon trap: trap_request=0xffffffde fr.pc=0x0000018ec7f1f380 relative=0x0000000000000120
Event: 5047.293 Thread 0x0000018ed467f800 Uncommon trap: reason=class_check action=maybe_recompile pc=0x0000018ec7f1f380 method=jdk.internal.misc.Unsafe.allocateUninitializedArray(Ljava/lang/Class;I)Ljava/lang/Object; @ 51 c2
Event: 5047.293 Thread 0x0000018ed467f800 DEOPT PACKING pc=0x0000018ec7f1f380 sp=0x00000042ad3fdb40
Event: 5047.293 Thread 0x0000018ed467f800 DEOPT UNPACKING pc=0x0000018ec02d9429 sp=0x00000042ad3fdac8 mode 2

Classes unloaded (20 events):
Event: 2009.396 Thread 0x0000018eb7bba800 Unloading class 0x0000000800ba0840 'java/lang/invoke/LambdaForm$MH'
Event: 2009.396 Thread 0x0000018eb7bba800 Unloading class 0x0000000800ba0440 'java/lang/invoke/LambdaForm$MH'
Event: 2009.396 Thread 0x0000018eb7bba800 Unloading class 0x0000000800ba0040 'java/lang/invoke/LambdaForm$MH'
Event: 2009.396 Thread 0x0000018eb7bba800 Unloading class 0x0000000800b90840 'java/lang/invoke/LambdaForm$MH'
Event: 2009.396 Thread 0x0000018eb7bba800 Unloading class 0x0000000800b91440 'java/lang/invoke/LambdaForm$MH'
Event: 2009.396 Thread 0x0000018eb7bba800 Unloading class 0x0000000800b92440 'java/lang/invoke/LambdaForm$MH'
Event: 2009.396 Thread 0x0000018eb7bba800 Unloading class 0x0000000800b92040 'java/lang/invoke/LambdaForm$MH'
Event: 2009.396 Thread 0x0000018eb7bba800 Unloading class 0x0000000800b92c40 'java/lang/invoke/LambdaForm$MH'
Event: 2009.396 Thread 0x0000018eb7bba800 Unloading class 0x0000000800b92840 'java/lang/invoke/LambdaForm$MH'
Event: 2009.396 Thread 0x0000018eb7bba800 Unloading class 0x0000000800b93440 'java/lang/invoke/LambdaForm$MH'
Event: 2009.396 Thread 0x0000018eb7bba800 Unloading class 0x0000000800b93040 'java/lang/invoke/LambdaForm$MH'
Event: 2009.396 Thread 0x0000018eb7bba800 Unloading class 0x0000000800b93c40 'java/lang/invoke/LambdaForm$MH'
Event: 2009.396 Thread 0x0000018eb7bba800 Unloading class 0x0000000800b93840 'java/lang/invoke/LambdaForm$MH'
Event: 2009.396 Thread 0x0000018eb7bba800 Unloading class 0x0000000800b94040 'java/lang/invoke/LambdaForm$MH'
Event: 2009.396 Thread 0x0000018eb7bba800 Unloading class 0x0000000800b94840 'java/lang/invoke/LambdaForm$MH'
Event: 2009.396 Thread 0x0000018eb7bba800 Unloading class 0x0000000800b95440 'java/lang/invoke/LambdaForm$MH'
Event: 2009.396 Thread 0x0000018eb7bba800 Unloading class 0x0000000800b95040 'java/lang/invoke/LambdaForm$MH'
Event: 2009.396 Thread 0x0000018eb7bba800 Unloading class 0x0000000800b95c40 'java/lang/invoke/LambdaForm$MH'
Event: 2009.396 Thread 0x0000018eb7bba800 Unloading class 0x0000000800b96440 'java/lang/invoke/LambdaForm$MH'
Event: 2009.396 Thread 0x0000018eb7bba800 Unloading class 0x0000000800b96040 'java/lang/invoke/LambdaForm$MH'

Classes redefined (0 events):
No events

Internal exceptions (20 events):
Event: 0.710 Thread 0x0000018eb7aea000 Exception <a 'java/lang/ClassNotFoundException'{0x00000000c3c54350}: ToolBar> (0x00000000c3c54350) 
thrown [./open/src/hotspot/share/classfile/systemDictionary.cpp, line 226]
Event: 0.710 Thread 0x0000018eb7aea000 Exception <a 'java/lang/ClassNotFoundException'{0x00000000c3c54848}: ToolBar> (0x00000000c3c54848) 
thrown [./open/src/hotspot/share/classfile/systemDictionary.cpp, line 226]
Event: 0.710 Thread 0x0000018eb7aea000 Exception <a 'java/lang/ClassNotFoundException'{0x00000000c3c54ba8}: Button> (0x00000000c3c54ba8) 
thrown [./open/src/hotspot/share/classfile/systemDictionary.cpp, line 226]
Event: 0.710 Thread 0x0000018eb7aea000 Exception <a 'java/lang/ClassNotFoundException'{0x00000000c3c55070}: ToolBar> (0x00000000c3c55070) 
thrown [./open/src/hotspot/share/classfile/systemDictionary.cpp, line 226]
Event: 0.710 Thread 0x0000018eb7aea000 Exception <a 'java/lang/ClassNotFoundException'{0x00000000c3c553e0}: ToggleButton> (0x00000000c3c553e0) 
thrown [./open/src/hotspot/share/classfile/systemDictionary.cpp, line 226]
Event: 0.710 Thread 0x0000018eb7aea000 Exception <a 'java/lang/ClassNotFoundException'{0x00000000c3c55820}: javax/swing/JToolBarSeparator> (0x00000000c3c55820) 
thrown [./open/src/hotspot/share/classfile/systemDictionary.cpp, line 226]
Event: 0.710 Thread 0x0000018eb7aea000 Exception <a 'java/lang/ClassNotFoundException'{0x00000000c3c55b28}: ToolBarSeparator> (0x00000000c3c55b28) 
thrown [./open/src/hotspot/share/classfile/systemDictionary.cpp, line 226]
Event: 0.710 Thread 0x0000018eb7aea000 Exception <a 'java/lang/ClassNotFoundException'{0x00000000c3c56040}: ToolTip> (0x00000000c3c56040) 
thrown [./open/src/hotspot/share/classfile/systemDictionary.cpp, line 226]
Event: 0.712 Thread 0x0000018eb7aea000 Exception <a 'java/lang/ClassNotFoundException'{0x00000000c3c56990}: Tree> (0x00000000c3c56990) 
thrown [./open/src/hotspot/share/classfile/systemDictionary.cpp, line 226]
Event: 0.712 Thread 0x0000018eb7aea000 Exception <a 'java/lang/ClassNotFoundException'{0x00000000c3c56e88}: Tree> (0x00000000c3c56e88) 
thrown [./open/src/hotspot/share/classfile/systemDictionary.cpp, line 226]
Event: 0.712 Thread 0x0000018eb7aea000 Exception <a 'java/lang/ClassNotFoundException'{0x00000000c3c571f8}: javax/swing/JTreeCell> (0x00000000c3c571f8) 
thrown [./open/src/hotspot/share/classfile/systemDictionary.cpp, line 226]
Event: 0.712 Thread 0x0000018eb7aea000 Exception <a 'java/lang/ClassNotFoundException'{0x00000000c3c574f8}: TreeCell> (0x00000000c3c574f8) 
thrown [./open/src/hotspot/share/classfile/systemDictionary.cpp, line 226]
Event: 0.713 Thread 0x0000018eb7aea000 Exception <a 'java/lang/ClassNotFoundException'{0x00000000c3c57cb8}: RootPane> (0x00000000c3c57cb8) 
thrown [./open/src/hotspot/share/classfile/systemDictionary.cpp, line 226]
Event: 0.713 Thread 0x0000018eb7aea000 Implicit null exception at 0x0000018ec7d6fb2f to 0x0000018ec7d6fbad
Event: 0.716 Thread 0x0000018eb7aea000 Exception <a 'java/lang/ClassNotFoundException'{0x00000000c3c5aa80}: com/sun/swing/internal/plaf/metal/resources/spi/metalProvider> (0x00000000c3c5aa80) 
thrown [./open/src/hotspot/share/classfile/systemDictionary.cpp, line 226]
Event: 0.717 Thread 0x0000018eb7aea000 Exception <a 'java/lang/ClassNotFoundException'{0x00000000c3c5ead8}: com/sun/swing/internal/plaf/basic/resources/spi/basicProvider> (0x00000000c3c5ead8) 
thrown [./open/src/hotspot/share/classfile/systemDictionary.cpp, line 226]
Event: 0.894 Thread 0x0000018ed467f800 Exception <a 'java/lang/ClassNotFoundException'{0x00000000c3cd6310}: com/sun/swing/internal/plaf/synth/resources/spi/synthProvider> (0x00000000c3cd6310) 
thrown [./open/src/hotspot/share/classfile/systemDictionary.cpp, line 226]
Event: 2.325 Thread 0x0000018ed467f800 Exception <a 'java/lang/NoSuchMethodError'{0x00000000c38f8c08}: 'void java.lang.invoke.DirectMethodHandle$Holder.invokeStaticInit(java.lang.Object)'> (0x00000000c38f8c08) 
thrown [./open/src/hotspot/share/interpreter/linkResolver.cpp, line 766]
Event: 2.343 Thread 0x0000018ed467f800 Exception <a 'java/lang/NoSuchMethodError'{0x00000000c3720c98}: 'java.lang.Object java.lang.invoke.Invokers$Holder.linkToTargetMethod(java.lang.Object, int, java.lang.Object)'> (0x00000000c3720c98) 
thrown [./open/src/hotspot/share/interpreter/linkResolver.cpp, line 766]
Event: 2009.460 Thread 0x0000018ed467f800 Implicit null exception at 0x0000018ec7e5eaf2 to 0x0000018ec7e5fc78

Events (20 events):
Event: 5045.509 Executing VM operation: HandshakeOneThread
Event: 5045.509 Executing VM operation: HandshakeOneThread done
Event: 5045.509 Executing VM operation: HandshakeOneThread
Event: 5045.509 Executing VM operation: HandshakeOneThread done
Event: 5045.566 Executing VM operation: HandshakeOneThread
Event: 5045.566 Executing VM operation: HandshakeOneThread done
Event: 5047.288 Executing VM operation: HandshakeOneThread
Event: 5047.288 Executing VM operation: HandshakeOneThread done
Event: 5047.290 Executing VM operation: HandshakeOneThread
Event: 5047.290 Executing VM operation: HandshakeOneThread done
Event: 5047.290 Executing VM operation: HandshakeOneThread
Event: 5047.290 Executing VM operation: HandshakeOneThread done
Event: 5047.340 Executing VM operation: HandshakeOneThread
Event: 5047.340 Executing VM operation: HandshakeOneThread done
Event: 5051.518 Executing VM operation: BulkRevokeBias
Event: 5051.519 Executing VM operation: BulkRevokeBias done
Event: 5051.536 Executing VM operation: BulkRevokeBias
Event: 5051.536 Executing VM operation: BulkRevokeBias done
Event: 5084.687 Executing VM operation: HandshakeOneThread
Event: 5084.687 Executing VM operation: HandshakeOneThread done


Dynamic libraries:
0x00007ff74a480000 - 0x00007ff74a48f000 	C:\Program Files\Java\jdk-14.0.1\bin\java.exe
0x00007ffac30a0000 - 0x00007ffac3290000 	C:\Windows\SYSTEM32\ntdll.dll
0x00007ffac2070000 - 0x00007ffac2122000 	C:\Windows\System32\KERNEL32.DLL
0x00007ffac0ea0000 - 0x00007ffac1144000 	C:\Windows\System32\KERNELBASE.dll
0x00007ffac0ca0000 - 0x00007ffac0d9a000 	C:\Windows\System32\ucrtbase.dll
0x00007ffab3010000 - 0x00007ffab3028000 	C:\Program Files\Java\jdk-14.0.1\bin\jli.dll
0x00007ffac2eb0000 - 0x00007ffac2f53000 	C:\Windows\System32\ADVAPI32.dll
0x00007ffac21e0000 - 0x00007ffac227e000 	C:\Windows\System32\msvcrt.dll
0x00007ffac2290000 - 0x00007ffac2327000 	C:\Windows\System32\sechost.dll
0x00007ffac2640000 - 0x00007ffac2760000 	C:\Windows\System32\RPCRT4.dll
0x00007ffac24a0000 - 0x00007ffac2635000 	C:\Windows\System32\USER32.dll
0x00007ffac0e50000 - 0x00007ffac0e71000 	C:\Windows\System32\win32u.dll
0x00007ffac2330000 - 0x00007ffac2356000 	C:\Windows\System32\GDI32.dll
0x00007ffac0240000 - 0x00007ffac03d6000 	C:\Windows\System32\gdi32full.dll
0x00007ffac03e0000 - 0x00007ffac047e000 	C:\Windows\System32\msvcp_win.dll
0x00007ffab9ce0000 - 0x00007ffab9cf5000 	C:\Program Files\Java\jdk-14.0.1\bin\VCRUNTIME140.dll
0x00007ffaae5f0000 - 0x00007ffaae874000 	C:\Windows\WinSxS\amd64_microsoft.windows.common-controls_6595b64144ccf1df_6.0.18362.1016_none_9e7a36bbe461dae4\COMCTL32.dll
0x00007ffac1cb0000 - 0x00007ffac1fe5000 	C:\Windows\System32\combase.dll
0x00007ffac0020000 - 0x00007ffac00a0000 	C:\Windows\System32\bcryptPrimitives.dll
0x00007ffab95d0000 - 0x00007ffab95da000 	C:\Windows\SYSTEM32\VERSION.dll
0x00007ffac27c0000 - 0x00007ffac27ee000 	C:\Windows\System32\IMM32.DLL
0x00007ffa9f270000 - 0x00007ffa9f30b000 	C:\Program Files\Java\jdk-14.0.1\bin\msvcp140.dll
0x00007ffa7bc40000 - 0x00007ffa7c75e000 	C:\Program Files\Java\jdk-14.0.1\bin\server\jvm.dll
0x00007ffac2aa0000 - 0x00007ffac2aa8000 	C:\Windows\System32\PSAPI.DLL
0x00007ffabb9e0000 - 0x00007ffabb9e9000 	C:\Windows\SYSTEM32\WSOCK32.dll
0x00007ffac2f90000 - 0x00007ffac2fff000 	C:\Windows\System32\WS2_32.dll
0x00007ffabdf30000 - 0x00007ffabdf54000 	C:\Windows\SYSTEM32\WINMM.dll
0x00007ffabdf00000 - 0x00007ffabdf2d000 	C:\Windows\SYSTEM32\WINMMBASE.dll
0x00007ffac01f0000 - 0x00007ffac023a000 	C:\Windows\System32\cfgmgr32.dll
0x00007ffabffd0000 - 0x00007ffabffe1000 	C:\Windows\System32\kernel.appcore.dll
0x00007ffabb250000 - 0x00007ffabb25a000 	C:\Program Files\Java\jdk-14.0.1\bin\jimage.dll
0x00007ffab9f50000 - 0x00007ffaba144000 	C:\Windows\SYSTEM32\DBGHELP.DLL
0x00007ffabba90000 - 0x00007ffabbaba000 	C:\Windows\SYSTEM32\dbgcore.DLL
0x00007ffab75c0000 - 0x00007ffab75e5000 	C:\Program Files\Java\jdk-14.0.1\bin\java.dll
0x00007ffab3a50000 - 0x00007ffab3a66000 	C:\Program Files\Java\jdk-14.0.1\bin\zip.dll
0x00007ffac1150000 - 0x00007ffac1837000 	C:\Windows\System32\SHELL32.dll
0x00007ffac2130000 - 0x00007ffac21d9000 	C:\Windows\System32\shcore.dll
0x00007ffac04e0000 - 0x00007ffac0c62000 	C:\Windows\System32\windows.storage.dll
0x00007ffabfff0000 - 0x00007ffac0013000 	C:\Windows\System32\profapi.dll
0x00007ffabff60000 - 0x00007ffabffaa000 	C:\Windows\System32\powrprof.dll
0x00007ffabff50000 - 0x00007ffabff60000 	C:\Windows\System32\UMPDC.dll
0x00007ffac2e50000 - 0x00007ffac2ea2000 	C:\Windows\System32\shlwapi.dll
0x00007ffac0e80000 - 0x00007ffac0e97000 	C:\Windows\System32\cryptsp.dll
0x00007ffab3490000 - 0x00007ffab34a9000 	C:\Program Files\Java\jdk-14.0.1\bin\net.dll
0x00007ffab2c20000 - 0x00007ffab2d10000 	C:\Windows\SYSTEM32\WINHTTP.dll
0x00007ffabf7b0000 - 0x00007ffabf817000 	C:\Windows\system32\mswsock.dll
0x00007ffab2f90000 - 0x00007ffab2fa2000 	C:\Program Files\Java\jdk-14.0.1\bin\nio.dll
0x00007ffa9e020000 - 0x00007ffa9e1b8000 	C:\Program Files\Java\jdk-14.0.1\bin\awt.dll
0x00007ffac2bd0000 - 0x00007ffac2c95000 	C:\Windows\System32\OLEAUT32.dll
0x00007ffabe180000 - 0x00007ffabe20f000 	C:\Windows\SYSTEM32\apphelp.dll
0x00007ffabe2b0000 - 0x00007ffabe349000 	C:\Windows\system32\uxtheme.dll
0x00007ffac2360000 - 0x00007ffac2495000 	C:\Windows\System32\MSCTF.dll
0x00007ffac28c0000 - 0x00007ffac2a17000 	C:\Windows\System32\ole32.dll
0x00007ffabe6e0000 - 0x00007ffabe70d000 	C:\Windows\system32\DWMAPI.DLL
0x00007ffa9da40000 - 0x00007ffa9dac2000 	C:\Program Files\Java\jdk-14.0.1\bin\freetype.dll
0x00007ffa98860000 - 0x00007ffa98906000 	C:\Program Files\Java\jdk-14.0.1\bin\fontmanager.dll
0x00007ffaa7580000 - 0x00007ffaa76d6000 	C:\Windows\system32\opengl32.dll
0x00007ffab3610000 - 0x00007ffab363c000 	C:\Windows\SYSTEM32\GLU32.dll
0x00007ffabec20000 - 0x00007ffabec40000 	C:\Windows\SYSTEM32\dxcore.dll
0x00007ffaad980000 - 0x00007ffaadb47000 	C:\Windows\system32\d3d9.dll
0x00007ffab9a30000 - 0x00007ffab9c10000 	C:\Windows\System32\DriverStore\FileRepository\u0346584.inf_amd64_a9ea99d076a2585f\B346420\aticfx64.dll
0x00007ffab25b0000 - 0x00007ffab25e1000 	C:\Windows\System32\DriverStore\FileRepository\u0346584.inf_amd64_a9ea99d076a2585f\B346420\atiu9p64.dll
0x00007ffa7c760000 - 0x00007ffa7d43c000 	C:\Windows\System32\DriverStore\FileRepository\u0346584.inf_amd64_a9ea99d076a2585f\B346420\atiumd64.dll
0x000000005b940000 - 0x000000005c6d9000 	C:\Windows\System32\DriverStore\FileRepository\u0346584.inf_amd64_a9ea99d076a2585f\B346420\atiumd6a.dll
0x00007ffabc510000 - 0x00007ffabc53b000 	C:\Windows\SYSTEM32\amdihk64.dll
0x00007ffabb9f0000 - 0x00007ffabba8e000 	C:\Windows\System32\TextInputFramework.dll
0x00007ffabdab0000 - 0x00007ffabdb84000 	C:\Windows\System32\CoreMessaging.dll
0x00007ffabaad0000 - 0x00007ffabadfa000 	C:\Windows\System32\CoreUIComponents.dll
0x00007ffabefa0000 - 0x00007ffabefd1000 	C:\Windows\SYSTEM32\ntmarta.dll
0x00007ffabc050000 - 0x00007ffabc1a3000 	C:\Windows\SYSTEM32\wintypes.dll
0x00007ffab2750000 - 0x00007ffab29f6000 	C:\Windows\System32\iertutil.dll

dbghelp: loaded successfully - version: 4.0.5 - missing functions: none
symbol engine: initialized successfully - sym options: 0x614 - pdb path: .;C:\Program Files\Java\jdk-14.0.1\bin;C:\Windows\SYSTEM32;C:\Windows\WinSxS\amd64_microsoft.windows.common-controls_6595b64144ccf1df_6.0.18362.1016_none_9e7a36bbe461dae4;C:\Program Files\Java\jdk-14.0.1\bin\server;C:\Windows\System32\DriverStore\FileRepository\u0346584.inf_amd64_a9ea99d076a2585f\B346420

VM Arguments:
jvm_args: -Dfile.encoding=UTF-8 
java_command: GUI_MenuPrincipal
java_class_path (initial): C:\netbeans\java\modules\ext\AbsoluteLayout.jar;C:\Users\DOS\Documents\GitHub\MUSIC-GO_PROYECTO\Proyecto\build\classes
Launcher Type: SUN_STANDARD

[Global flags]
     intx CICompilerCount                          = 2                                         {product} {ergonomic}
     uint ConcGCThreads                            = 1                                         {product} {ergonomic}
     uint G1ConcRefinementThreads                  = 2                                         {product} {ergonomic}
   size_t G1HeapRegionSize                         = 1048576                                   {product} {ergonomic}
    uintx GCDrainStackTargetSize                   = 64                                        {product} {ergonomic}
   size_t InitialHeapSize                          = 67108864                                  {product} {ergonomic}
   size_t MarkStackSize                            = 4194304                                   {product} {ergonomic}
   size_t MaxHeapSize                              = 1073741824                                {product} {ergonomic}
   size_t MaxNewSize                               = 643825664                                 {product} {ergonomic}
   size_t MinHeapDeltaBytes                        = 1048576                                   {product} {ergonomic}
   size_t MinHeapSize                              = 8388608                                   {product} {ergonomic}
    uintx NonNMethodCodeHeapSize                   = 5826188                                {pd product} {ergonomic}
    uintx NonProfiledCodeHeapSize                  = 122916026                              {pd product} {ergonomic}
    uintx ProfiledCodeHeapSize                     = 122916026                              {pd product} {ergonomic}
    uintx ReservedCodeCacheSize                    = 251658240                              {pd product} {ergonomic}
     bool SegmentedCodeCache                       = true                                      {product} {ergonomic}
   size_t SoftMaxHeapSize                          = 1073741824                             {manageable} {ergonomic}
     bool UseCompressedClassPointers               = true                                 {lp64_product} {ergonomic}
     bool UseCompressedOops                        = true                                 {lp64_product} {ergonomic}
     bool UseG1GC                                  = true                                      {product} {ergonomic}
     bool UseLargePagesIndividualAllocation        = false                                  {pd product} {ergonomic}

Logging:
Log output configuration:
 #0: stdout all=warning uptime,level,tags
 #1: stderr all=off uptime,level,tags

Environment Variables:
PATH=C:\Windows\system32;C:\Windows;C:\Windows\System32\Wbem;C:\Windows\System32\WindowsPowerShell\v1.0\;C:\Windows\System32\OpenSSH\;C:\Program Files (x86)\Microsoft SQL Server\110\Tools\Binn\;C:\Program Files\Microsoft SQL Server\110\Tools\Binn\;C:\Program Files\Microsoft SQL Server\110\DTS\Binn\;C:\Program Files (x86)\Microsoft SQL Server\110\Tools\Binn\ManagementStudio\;C:\Program Files (x86)\Microsoft Visual Studio 10.0\Common7\IDE\PrivateAssemblies\;C:\Program Files (x86)\Microsoft SQL Server\110\DTS\Binn\;C:\Users\DOS\AppData\Local\Microsoft\WindowsApps;C:\Users\DOS\AppData\Local\GitHubDesktop\bin
USERNAME=DOS
OS=Windows_NT
PROCESSOR_IDENTIFIER=Intel64 Family 6 Model 23 Stepping 10, GenuineIntel



---------------  S Y S T E M  ---------------

OS: Windows 10 , 64 bit Build 18362 (10.0.18362.959)
OS uptime: 6 days 2:16 hours

CPU:total 2 (initial active 2) (2 cores per cpu, 1 threads per core) family 6 model 23 stepping 10, cmov, cx8, fxsr, mmx, sse, sse2, sse3, ssse3, sse4.1, tsc

Memory: 4k page, system-wide physical 4091M (327M free)
TotalPageFile size 16379M (AvailPageFile size 5M)
current process WorkingSet (physical memory assigned to process): 89M, peak: 195M
current process commit charge ("private bytes"): 275M, peak: 287M

vm_info: Java HotSpot(TM) 64-Bit Server VM (14.0.1+7) for windows-amd64 JRE (14.0.1+7), built on Mar  5 2020 10:30:14 by "mach5one" with MS VC++ 15.9 (VS2017)

END.
